2021-12-23 07:44:30,907 INFO org.springframework.boot.StartupInfoLogger [main] Starting RewardApp using Java 17.0.1 on RangaprsonalMBP.attlocal.net with PID 6062 (/Users/ranga/KnR/application/target/classes started by ranga in /Users/ranga/KnR/application)
2021-12-23 07:44:30,918 INFO org.springframework.boot.SpringApplication [main] No active profile set, falling back to default profiles: default
2021-12-23 07:44:31,972 INFO org.springframework.boot.web.embedded.tomcat.TomcatWebServer [main] Tomcat initialized with port(s): 8080 (http)
2021-12-23 07:44:31,982 INFO org.apache.juli.logging.DirectJDKLog [main] Initializing ProtocolHandler ["http-nio-8080"]
2021-12-23 07:44:31,982 INFO org.apache.juli.logging.DirectJDKLog [main] Starting service [Tomcat]
2021-12-23 07:44:31,983 INFO org.apache.juli.logging.DirectJDKLog [main] Starting Servlet engine: [Apache Tomcat/9.0.39]
2021-12-23 07:44:32,039 INFO org.apache.juli.logging.DirectJDKLog [main] Initializing Spring embedded WebApplicationContext
2021-12-23 07:44:32,040 INFO org.springframework.boot.web.servlet.context.ServletWebServerApplicationContext [main] Root WebApplicationContext: initialization completed in 1028 ms
2021-12-23 07:44:32,064 INFO org.springframework.jdbc.datasource.embedded.EmbeddedDatabaseFactory [main] Starting embedded database: url='jdbc:h2:mem:testdb;DB_CLOSE_DELAY=-1;DB_CLOSE_ON_EXIT=false', username='sa'
2021-12-23 07:44:32,486 INFO org.springframework.scheduling.concurrent.ExecutorConfigurationSupport [main] Initializing ExecutorService 'applicationTaskExecutor'
2021-12-23 07:44:32,982 INFO org.apache.juli.logging.DirectJDKLog [main] Starting ProtocolHandler ["http-nio-8080"]
2021-12-23 07:44:32,997 INFO org.springframework.boot.web.embedded.tomcat.TomcatWebServer [main] Tomcat started on port(s): 8080 (http) with context path ''
2021-12-23 07:44:33,008 INFO org.springframework.boot.StartupInfoLogger [main] Started RewardApp in 2.775 seconds (JVM running for 3.273)
2021-12-23 08:00:06,338 INFO org.springframework.test.context.support.AbstractTestContextBootstrapper [main] Neither @ContextConfiguration nor @ContextHierarchy found for test class [com.rewards.application.RewardAppTests], using SpringBootContextLoader
2021-12-23 08:00:06,343 INFO org.springframework.test.context.support.AbstractContextLoader [main] Could not detect default resource locations for test class [com.rewards.application.RewardAppTests]: no resource found for suffixes {-context.xml, Context.groovy}.
2021-12-23 08:00:06,473 INFO org.springframework.test.context.support.AbstractTestContextBootstrapper [main] Loaded default TestExecutionListener class names from location [META-INF/spring.factories]: [org.springframework.boot.test.mock.mockito.MockitoTestExecutionListener, org.springframework.boot.test.mock.mockito.ResetMocksTestExecutionListener, org.springframework.boot.test.autoconfigure.restdocs.RestDocsTestExecutionListener, org.springframework.boot.test.autoconfigure.web.client.MockRestServiceServerResetTestExecutionListener, org.springframework.boot.test.autoconfigure.web.servlet.MockMvcPrintOnlyOnFailureTestExecutionListener, org.springframework.boot.test.autoconfigure.web.servlet.WebDriverTestExecutionListener, org.springframework.boot.test.autoconfigure.webservices.client.MockWebServiceServerTestExecutionListener, org.springframework.test.context.web.ServletTestExecutionListener, org.springframework.test.context.support.DirtiesContextBeforeModesTestExecutionListener, org.springframework.test.context.support.DependencyInjectionTestExecutionListener, org.springframework.test.context.support.DirtiesContextTestExecutionListener, org.springframework.test.context.transaction.TransactionalTestExecutionListener, org.springframework.test.context.jdbc.SqlScriptsTestExecutionListener, org.springframework.test.context.event.EventPublishingTestExecutionListener]
2021-12-23 08:00:06,489 INFO org.springframework.test.context.support.AbstractTestContextBootstrapper [main] Using TestExecutionListeners: [org.springframework.test.context.web.ServletTestExecutionListener@db57326, org.springframework.test.context.support.DirtiesContextBeforeModesTestExecutionListener@34a875b3, org.springframework.boot.test.mock.mockito.MockitoTestExecutionListener@4748a0f9, org.springframework.boot.test.autoconfigure.SpringBootDependencyInjectionTestExecutionListener@4b14918a, org.springframework.test.context.support.DirtiesContextTestExecutionListener@6d1ef78d, org.springframework.test.context.transaction.TransactionalTestExecutionListener@1a6c1270, org.springframework.test.context.jdbc.SqlScriptsTestExecutionListener@18a136ac, org.springframework.test.context.event.EventPublishingTestExecutionListener@77d67cf3, org.springframework.boot.test.mock.mockito.ResetMocksTestExecutionListener@6dee4f1b, org.springframework.boot.test.autoconfigure.restdocs.RestDocsTestExecutionListener@176b3f44, org.springframework.boot.test.autoconfigure.web.client.MockRestServiceServerResetTestExecutionListener@6ee6f53, org.springframework.boot.test.autoconfigure.web.servlet.MockMvcPrintOnlyOnFailureTestExecutionListener@421bba99, org.springframework.boot.test.autoconfigure.web.servlet.WebDriverTestExecutionListener@5d12a356, org.springframework.boot.test.autoconfigure.webservices.client.MockWebServiceServerTestExecutionListener@134d26af]
2021-12-23 08:00:06,821 INFO org.springframework.boot.StartupInfoLogger [main] Starting RewardAppTests using Java 17.0.1 on RangaprsonalMBP.attlocal.net with PID 8576 (started by ranga in /Users/ranga/KnR/application)
2021-12-23 08:00:06,823 INFO org.springframework.boot.SpringApplication [main] No active profile set, falling back to default profiles: default
2021-12-23 08:00:07,799 INFO org.springframework.boot.web.embedded.tomcat.TomcatWebServer [main] Tomcat initialized with port(s): 0 (http)
2021-12-23 08:00:07,807 INFO org.apache.juli.logging.DirectJDKLog [main] Initializing ProtocolHandler ["http-nio-auto-1"]
2021-12-23 08:00:07,807 INFO org.apache.juli.logging.DirectJDKLog [main] Starting service [Tomcat]
2021-12-23 08:00:07,808 INFO org.apache.juli.logging.DirectJDKLog [main] Starting Servlet engine: [Apache Tomcat/9.0.39]
2021-12-23 08:00:07,871 INFO org.apache.juli.logging.DirectJDKLog [main] Initializing Spring embedded WebApplicationContext
2021-12-23 08:00:07,872 INFO org.springframework.boot.web.servlet.context.ServletWebServerApplicationContext [main] Root WebApplicationContext: initialization completed in 1030 ms
2021-12-23 08:00:07,900 INFO org.springframework.jdbc.datasource.embedded.EmbeddedDatabaseFactory [main] Starting embedded database: url='jdbc:h2:mem:testdb;DB_CLOSE_DELAY=-1;DB_CLOSE_ON_EXIT=false', username='sa'
2021-12-23 08:00:08,405 INFO org.springframework.scheduling.concurrent.ExecutorConfigurationSupport [main] Initializing ExecutorService 'applicationTaskExecutor'
2021-12-23 08:00:09,130 INFO org.apache.juli.logging.DirectJDKLog [main] Starting ProtocolHandler ["http-nio-auto-1"]
2021-12-23 08:00:09,145 INFO org.springframework.boot.web.embedded.tomcat.TomcatWebServer [main] Tomcat started on port(s): 61835 (http) with context path ''
2021-12-23 08:00:09,152 INFO org.springframework.boot.StartupInfoLogger [main] Started RewardAppTests in 2.616 seconds (JVM running for 3.454)
2021-12-23 08:00:09,539 INFO org.springframework.scheduling.concurrent.ExecutorConfigurationSupport [SpringContextShutdownHook] Shutting down ExecutorService 'applicationTaskExecutor'
2021-12-23 08:00:09,540 INFO org.springframework.jdbc.datasource.embedded.EmbeddedDatabaseFactory [SpringContextShutdownHook] Shutting down embedded database: url='jdbc:h2:mem:testdb;DB_CLOSE_DELAY=-1;DB_CLOSE_ON_EXIT=false'
2021-12-23 08:25:00,349 INFO org.springframework.scheduling.concurrent.ExecutorConfigurationSupport [SpringContextShutdownHook] Shutting down ExecutorService 'applicationTaskExecutor'
2021-12-23 08:25:00,352 INFO org.springframework.jdbc.datasource.embedded.EmbeddedDatabaseFactory [SpringContextShutdownHook] Shutting down embedded database: url='jdbc:h2:mem:testdb;DB_CLOSE_DELAY=-1;DB_CLOSE_ON_EXIT=false'
2021-12-23 08:29:43,019 INFO org.springframework.test.context.support.AbstractTestContextBootstrapper [main] Neither @ContextConfiguration nor @ContextHierarchy found for test class [com.rewards.application.RewardAppTests], using SpringBootContextLoader
2021-12-23 08:29:43,023 INFO org.springframework.test.context.support.AbstractContextLoader [main] Could not detect default resource locations for test class [com.rewards.application.RewardAppTests]: no resource found for suffixes {-context.xml, Context.groovy}.
2021-12-23 08:29:43,180 INFO org.springframework.test.context.support.AbstractTestContextBootstrapper [main] Loaded default TestExecutionListener class names from location [META-INF/spring.factories]: [org.springframework.boot.test.mock.mockito.MockitoTestExecutionListener, org.springframework.boot.test.mock.mockito.ResetMocksTestExecutionListener, org.springframework.boot.test.autoconfigure.restdocs.RestDocsTestExecutionListener, org.springframework.boot.test.autoconfigure.web.client.MockRestServiceServerResetTestExecutionListener, org.springframework.boot.test.autoconfigure.web.servlet.MockMvcPrintOnlyOnFailureTestExecutionListener, org.springframework.boot.test.autoconfigure.web.servlet.WebDriverTestExecutionListener, org.springframework.boot.test.autoconfigure.webservices.client.MockWebServiceServerTestExecutionListener, org.springframework.test.context.web.ServletTestExecutionListener, org.springframework.test.context.support.DirtiesContextBeforeModesTestExecutionListener, org.springframework.test.context.support.DependencyInjectionTestExecutionListener, org.springframework.test.context.support.DirtiesContextTestExecutionListener, org.springframework.test.context.transaction.TransactionalTestExecutionListener, org.springframework.test.context.jdbc.SqlScriptsTestExecutionListener, org.springframework.test.context.event.EventPublishingTestExecutionListener]
2021-12-23 08:29:43,208 INFO org.springframework.test.context.support.AbstractTestContextBootstrapper [main] Using TestExecutionListeners: [org.springframework.test.context.web.ServletTestExecutionListener@35229f85, org.springframework.test.context.support.DirtiesContextBeforeModesTestExecutionListener@6d3c5255, org.springframework.boot.test.mock.mockito.MockitoTestExecutionListener@b1712f3, org.springframework.boot.test.autoconfigure.SpringBootDependencyInjectionTestExecutionListener@6986bbaf, org.springframework.test.context.support.DirtiesContextTestExecutionListener@4879dfad, org.springframework.test.context.transaction.TransactionalTestExecutionListener@4758820d, org.springframework.test.context.jdbc.SqlScriptsTestExecutionListener@74eb909f, org.springframework.test.context.event.EventPublishingTestExecutionListener@28ec166e, org.springframework.boot.test.mock.mockito.ResetMocksTestExecutionListener@2eee3069, org.springframework.boot.test.autoconfigure.restdocs.RestDocsTestExecutionListener@2da59753, org.springframework.boot.test.autoconfigure.web.client.MockRestServiceServerResetTestExecutionListener@5629510, org.springframework.boot.test.autoconfigure.web.servlet.MockMvcPrintOnlyOnFailureTestExecutionListener@4df5bcb4, org.springframework.boot.test.autoconfigure.web.servlet.WebDriverTestExecutionListener@12c7a01b, org.springframework.boot.test.autoconfigure.webservices.client.MockWebServiceServerTestExecutionListener@13d9b21f]
2021-12-23 08:29:43,489 INFO org.springframework.boot.StartupInfoLogger [main] Starting RewardAppTests using Java 17.0.1 on RangaprsonalMBP.attlocal.net with PID 13310 (started by ranga in /Users/ranga/KnR/application)
2021-12-23 08:29:43,491 INFO org.springframework.boot.SpringApplication [main] No active profile set, falling back to default profiles: default
2021-12-23 08:29:44,515 INFO org.springframework.boot.web.embedded.tomcat.TomcatWebServer [main] Tomcat initialized with port(s): 0 (http)
2021-12-23 08:29:44,524 INFO org.apache.juli.logging.DirectJDKLog [main] Initializing ProtocolHandler ["http-nio-auto-1"]
2021-12-23 08:29:44,524 INFO org.apache.juli.logging.DirectJDKLog [main] Starting service [Tomcat]
2021-12-23 08:29:44,525 INFO org.apache.juli.logging.DirectJDKLog [main] Starting Servlet engine: [Apache Tomcat/9.0.39]
2021-12-23 08:29:44,587 INFO org.apache.juli.logging.DirectJDKLog [main] Initializing Spring embedded WebApplicationContext
2021-12-23 08:29:44,587 INFO org.springframework.boot.web.servlet.context.ServletWebServerApplicationContext [main] Root WebApplicationContext: initialization completed in 1076 ms
2021-12-23 08:29:44,617 INFO org.springframework.jdbc.datasource.embedded.EmbeddedDatabaseFactory [main] Starting embedded database: url='jdbc:h2:mem:testdb;DB_CLOSE_DELAY=-1;DB_CLOSE_ON_EXIT=false', username='sa'
2021-12-23 08:29:45,194 INFO org.springframework.scheduling.concurrent.ExecutorConfigurationSupport [main] Initializing ExecutorService 'applicationTaskExecutor'
2021-12-23 08:29:46,041 INFO org.apache.juli.logging.DirectJDKLog [main] Starting ProtocolHandler ["http-nio-auto-1"]
2021-12-23 08:29:46,056 INFO org.springframework.boot.web.embedded.tomcat.TomcatWebServer [main] Tomcat started on port(s): 62168 (http) with context path ''
2021-12-23 08:29:46,065 INFO org.springframework.boot.StartupInfoLogger [main] Started RewardAppTests in 2.794 seconds (JVM running for 3.989)
2021-12-23 08:29:46,442 INFO org.springframework.scheduling.concurrent.ExecutorConfigurationSupport [SpringContextShutdownHook] Shutting down ExecutorService 'applicationTaskExecutor'
2021-12-23 08:29:46,442 INFO org.springframework.jdbc.datasource.embedded.EmbeddedDatabaseFactory [SpringContextShutdownHook] Shutting down embedded database: url='jdbc:h2:mem:testdb;DB_CLOSE_DELAY=-1;DB_CLOSE_ON_EXIT=false'
